<?xml version="1.0" encoding="UTF-8"?>
<testsuite xmlns:xsi="http://www.w3.org/2001/XMLSchema-instance" xsi:noNamespaceSchemaLocation="https://maven.apache.org/surefire/maven-surefire-plugin/xsd/surefire-test-report-3.0.xsd" version="3.0" name="com.example.sistemaDeLogin.SistemaDeLoginApplicationTests" time="13.393" tests="1" errors="0" skipped="0" failures="0">
  <properties>
[...]
</properties>
  <testcase name="contextLoads" classname="com.example.sistemaDeLogin.SistemaDeLoginApplicationTests" time="1.237">
    <system-out><![CDATA[14:14:51.349 [main] INFO org.springframework.test.context.support.AnnotationConfigContextLoaderUtils -- Could not detect default configuration classes for test class [com.example.sistemaDeLogin.SistemaDeLoginApplicationTests]: SistemaDeLoginApplicationTests does not declare any static, non-private, non-final, nested classes annotated with @Configuration.
14:14:51.788 [main] INFO org.springframework.boot.test.context.SpringBootTestContextBootstrapper -- Found @SpringBootConfiguration com.example.sistemaDeLogin.SistemaDeLoginApplication for test class com.example.sistemaDeLogin.SistemaDeLoginApplicationTests

  .   ____          _            __ _ _
 /\\ / ___'_ __ _ _(_)_ __  __ _ \ \ \ \
( ( )\___ | '_ | '_| | '_ \/ _` | \ \ \ \
 \\/  ___)| |_)| | | | | || (_| |  ) ) ) )
  '  |____| .__|_| |_|_| |_\__, | / / / /
 =========|_|==============|___/=/_/_/_/
 :: Spring Boot ::                (v3.1.0)

2023-06-10T14:14:52.988-03:00  INFO 47624 --- [           main] c.e.s.SistemaDeLoginApplicationTests     : Starting SistemaDeLoginApplicationTests using Java 20 with PID 47624 (started by HP 1000 in C:\Users\HP 1000\Downloads\Sistema-De-Cadastro-Springboot-main)
2023-06-10T14:14:52.992-03:00  INFO 47624 --- [           main] c.e.s.SistemaDeLoginApplicationTests     : No active profile set, falling back to 1 default profile: "default"
2023-06-10T14:14:54.825-03:00  INFO 47624 --- [           main] .s.d.r.c.RepositoryConfigurationDelegate : Bootstrapping Spring Data JPA repositories in DEFAULT mode.
2023-06-10T14:14:55.065-03:00  INFO 47624 --- [           main] .s.d.r.c.RepositoryConfigurationDelegate : Finished Spring Data repository scanning in 218 ms. Found 1 JPA repository interfaces.
2023-06-10T14:14:56.234-03:00  INFO 47624 --- [           main] o.hibernate.jpa.internal.util.LogHelper  : HHH000204: Processing PersistenceUnitInfo [name: default]
2023-06-10T14:14:56.445-03:00  INFO 47624 --- [           main] org.hibernate.Version                    : HHH000412: Hibernate ORM core version 6.2.2.Final
2023-06-10T14:14:56.452-03:00  INFO 47624 --- [           main] org.hibernate.cfg.Environment            : HHH000406: Using bytecode reflection optimizer
2023-06-10T14:14:56.850-03:00  INFO 47624 --- [           main] o.h.b.i.BytecodeProviderInitiator        : HHH000021: Bytecode provider name : bytebuddy
2023-06-10T14:14:57.083-03:00  INFO 47624 --- [           main] o.s.o.j.p.SpringPersistenceUnitInfo      : No LoadTimeWeaver setup: ignoring JPA class transformer
2023-06-10T14:14:57.117-03:00  INFO 47624 --- [           main] com.zaxxer.hikari.HikariDataSource       : HikariPool-1 - Starting...
2023-06-10T14:14:58.123-03:00  INFO 47624 --- [           main] com.zaxxer.hikari.pool.HikariPool        : HikariPool-1 - Added connection com.mysql.cj.jdbc.ConnectionImpl@3eac2e8a
2023-06-10T14:14:58.128-03:00  INFO 47624 --- [           main] com.zaxxer.hikari.HikariDataSource       : HikariPool-1 - Start completed.
2023-06-10T14:14:58.350-03:00  INFO 47624 --- [           main] org.hibernate.orm.dialect                : HHH035001: Using dialect: org.hibernate.dialect.MySQLDialect, version: 8.0.31
2023-06-10T14:14:58.981-03:00  INFO 47624 --- [           main] o.h.b.i.BytecodeProviderInitiator        : HHH000021: Bytecode provider name : bytebuddy
2023-06-10T14:15:00.381-03:00  INFO 47624 --- [           main] o.h.e.t.j.p.i.JtaPlatformInitiator       : HHH000490: Using JtaPlatform implementation: [org.hibernate.engine.transaction.jta.platform.internal.NoJtaPlatform]
2023-06-10T14:15:00.619-03:00  INFO 47624 --- [           main] j.LocalContainerEntityManagerFactoryBean : Initialized JPA EntityManagerFactory for persistence unit 'default'
2023-06-10T14:15:01.870-03:00  WARN 47624 --- [           main] JpaBaseConfiguration$JpaWebConfiguration : spring.jpa.open-in-view is enabled by default. Therefore, database queries may be performed during view rendering. Explicitly configure spring.jpa.open-in-view to disable this warning
2023-06-10T14:15:03.020-03:00  INFO 47624 --- [           main] c.e.s.SistemaDeLoginApplicationTests     : Started SistemaDeLoginApplicationTests in 10.867 seconds (process running for 13.786)
]]></system-out>
  </testcase>
</testsuite>